[32m2025-09-08 13:55:50 +0000[0m - dagster - [34mDEBUG[0m - materialize_dbt_models - 3b2d22ea-6985-4129-b577-287df845575b - 34706 - LOGS_CAPTURED - Started capturing logs in process (pid: 34706).
[32m2025-09-08 13:55:50 +0000[0m - dagster - [34mDEBUG[0m - materialize_dbt_models - 3b2d22ea-6985-4129-b577-287df845575b - 34706 - dbtlearn_dbt_assets - STEP_START - Started execution of step "dbtlearn_dbt_assets".
[32m2025-09-08 13:55:50 +0000[0m - dagster - [34mINFO[0m - materialize_dbt_models - 3b2d22ea-6985-4129-b577-287df845575b - dbtlearn_dbt_assets - A dbt subsetted execution is not being performed. Using the default dbt selection arguments `['--select', 'fqn:*']`.
[32m2025-09-08 13:55:50 +0000[0m - dagster - [34mINFO[0m - materialize_dbt_models - 3b2d22ea-6985-4129-b577-287df845575b - dbtlearn_dbt_assets - Copying `/workspaces/dbt-bootcamp-codespace/dbtlearn/target/partial_parse.msgpack` to `/workspaces/dbt-bootcamp-codespace/dbtlearn/target/dbtlearn_dbt_assets-3b2d22e-ab85ea4/partial_parse.msgpack` to take advantage of partial parsing.
[32m2025-09-08 13:55:50 +0000[0m - dagster - [34mINFO[0m - materialize_dbt_models - 3b2d22ea-6985-4129-b577-287df845575b - dbtlearn_dbt_assets - Running dbt command: `dbt build --select fqn:*`.
[32m2025-09-08 13:55:59 +0000[0m - dagster - [34mDEBUG[0m - materialize_dbt_models - 3b2d22ea-6985-4129-b577-287df845575b - 34706 - dbtlearn_dbt_assets - STEP_OUTPUT - Yielded output "seed_full_moon_dates" of type "Nothing". (Type check passed).
[32m2025-09-08 13:55:59 +0000[0m - dagster - [34mDEBUG[0m - materialize_dbt_models - 3b2d22ea-6985-4129-b577-287df845575b - 34706 - dbtlearn_dbt_assets - ASSET_MATERIALIZATION - Materialized value seed_full_moon_dates.
[32m2025-09-08 13:56:00 +0000[0m - dagster - [34mDEBUG[0m - materialize_dbt_models - 3b2d22ea-6985-4129-b577-287df845575b - 34706 - dbtlearn_dbt_assets - ASSET_OBSERVATION - DagsterEventType.ASSET_OBSERVATION for step dbtlearn_dbt_assets
[32m2025-09-08 13:56:02 +0000[0m - dagster - [34mDEBUG[0m - materialize_dbt_models - 3b2d22ea-6985-4129-b577-287df845575b - 34706 - dbtlearn_dbt_assets - ASSET_OBSERVATION - DagsterEventType.ASSET_OBSERVATION for step dbtlearn_dbt_assets
[32m2025-09-08 13:56:03 +0000[0m - dagster - [34mDEBUG[0m - materialize_dbt_models - 3b2d22ea-6985-4129-b577-287df845575b - 34706 - dbtlearn_dbt_assets - STEP_OUTPUT - Yielded output "dim_hosts_cleansed" of type "Nothing". (Type check passed).
[32m2025-09-08 13:56:03 +0000[0m - dagster - [34mDEBUG[0m - materialize_dbt_models - 3b2d22ea-6985-4129-b577-287df845575b - 34706 - dbtlearn_dbt_assets - ASSET_MATERIALIZATION - Materialized value dim_hosts_cleansed.
[32m2025-09-08 13:56:07 +0000[0m - dagster - [34mDEBUG[0m - materialize_dbt_models - 3b2d22ea-6985-4129-b577-287df845575b - 34706 - dbtlearn_dbt_assets - STEP_OUTPUT - Yielded output "fct_reviews" of type "Nothing". (Type check passed).
[32m2025-09-08 13:56:07 +0000[0m - dagster - [34mDEBUG[0m - materialize_dbt_models - 3b2d22ea-6985-4129-b577-287df845575b - 34706 - dbtlearn_dbt_assets - ASSET_MATERIALIZATION - Materialized value fct_reviews.
[32m2025-09-08 13:56:12 +0000[0m - dagster - [34mDEBUG[0m - materialize_dbt_models - 3b2d22ea-6985-4129-b577-287df845575b - 34706 - dbtlearn_dbt_assets - STEP_OUTPUT - Yielded output "scd_raw_listings" of type "Nothing". (Type check passed).
[32m2025-09-08 13:56:12 +0000[0m - dagster - [34mDEBUG[0m - materialize_dbt_models - 3b2d22ea-6985-4129-b577-287df845575b - 34706 - dbtlearn_dbt_assets - ASSET_MATERIALIZATION - Materialized value scd_raw_listings.
[32m2025-09-08 13:56:13 +0000[0m - dagster - [34mDEBUG[0m - materialize_dbt_models - 3b2d22ea-6985-4129-b577-287df845575b - 34706 - dbtlearn_dbt_assets - ASSET_OBSERVATION - DagsterEventType.ASSET_OBSERVATION for step dbtlearn_dbt_assets
[32m2025-09-08 13:56:14 +0000[0m - dagster - [34mDEBUG[0m - materialize_dbt_models - 3b2d22ea-6985-4129-b577-287df845575b - 34706 - dbtlearn_dbt_assets - ASSET_OBSERVATION - DagsterEventType.ASSET_OBSERVATION for step dbtlearn_dbt_assets
[32m2025-09-08 13:56:15 +0000[0m - dagster - [34mDEBUG[0m - materialize_dbt_models - 3b2d22ea-6985-4129-b577-287df845575b - 34706 - dbtlearn_dbt_assets - ASSET_OBSERVATION - DagsterEventType.ASSET_OBSERVATION for step dbtlearn_dbt_assets
[32m2025-09-08 13:56:16 +0000[0m - dagster - [34mDEBUG[0m - materialize_dbt_models - 3b2d22ea-6985-4129-b577-287df845575b - 34706 - dbtlearn_dbt_assets - ASSET_OBSERVATION - DagsterEventType.ASSET_OBSERVATION for step dbtlearn_dbt_assets
[32m2025-09-08 13:56:17 +0000[0m - dagster - [34mDEBUG[0m - materialize_dbt_models - 3b2d22ea-6985-4129-b577-287df845575b - 34706 - dbtlearn_dbt_assets - ASSET_OBSERVATION - DagsterEventType.ASSET_OBSERVATION for step dbtlearn_dbt_assets
[32m2025-09-08 13:56:18 +0000[0m - dagster - [34mDEBUG[0m - materialize_dbt_models - 3b2d22ea-6985-4129-b577-287df845575b - 34706 - dbtlearn_dbt_assets - ASSET_OBSERVATION - DagsterEventType.ASSET_OBSERVATION for step dbtlearn_dbt_assets
[32m2025-09-08 13:56:19 +0000[0m - dagster - [34mDEBUG[0m - materialize_dbt_models - 3b2d22ea-6985-4129-b577-287df845575b - 34706 - dbtlearn_dbt_assets - ASSET_OBSERVATION - DagsterEventType.ASSET_OBSERVATION for step dbtlearn_dbt_assets
[32m2025-09-08 13:56:20 +0000[0m - dagster - [34mDEBUG[0m - materialize_dbt_models - 3b2d22ea-6985-4129-b577-287df845575b - 34706 - dbtlearn_dbt_assets - STEP_OUTPUT - Yielded output "dim_listings_cleansed" of type "Nothing". (Type check passed).
[32m2025-09-08 13:56:20 +0000[0m - dagster - [34mDEBUG[0m - materialize_dbt_models - 3b2d22ea-6985-4129-b577-287df845575b - 34706 - dbtlearn_dbt_assets - ASSET_MATERIALIZATION - Materialized value dim_listings_cleansed.
[32m2025-09-08 13:56:24 +0000[0m - dagster - [34mDEBUG[0m - materialize_dbt_models - 3b2d22ea-6985-4129-b577-287df845575b - 34706 - dbtlearn_dbt_assets - STEP_OUTPUT - Yielded output "mart_fullmoon_reviews" of type "Nothing". (Type check passed).
[32m2025-09-08 13:56:24 +0000[0m - dagster - [34mDEBUG[0m - materialize_dbt_models - 3b2d22ea-6985-4129-b577-287df845575b - 34706 - dbtlearn_dbt_assets - ASSET_MATERIALIZATION - Materialized value mart_fullmoon_reviews.
[32m2025-09-08 13:56:25 +0000[0m - dagster - [34mDEBUG[0m - materialize_dbt_models - 3b2d22ea-6985-4129-b577-287df845575b - 34706 - dbtlearn_dbt_assets - ASSET_OBSERVATION - DagsterEventType.ASSET_OBSERVATION for step dbtlearn_dbt_assets
[32m2025-09-08 13:56:26 +0000[0m - dagster - [34mDEBUG[0m - materialize_dbt_models - 3b2d22ea-6985-4129-b577-287df845575b - 34706 - dbtlearn_dbt_assets - ASSET_OBSERVATION - DagsterEventType.ASSET_OBSERVATION for step dbtlearn_dbt_assets
[32m2025-09-08 13:56:26 +0000[0m - dagster - [34mDEBUG[0m - materialize_dbt_models - 3b2d22ea-6985-4129-b577-287df845575b - 34706 - dbtlearn_dbt_assets - ASSET_OBSERVATION - DagsterEventType.ASSET_OBSERVATION for step dbtlearn_dbt_assets
[32m2025-09-08 13:56:27 +0000[0m - dagster - [34mDEBUG[0m - materialize_dbt_models - 3b2d22ea-6985-4129-b577-287df845575b - 34706 - dbtlearn_dbt_assets - ASSET_OBSERVATION - DagsterEventType.ASSET_OBSERVATION for step dbtlearn_dbt_assets
[32m2025-09-08 13:56:28 +0000[0m - dagster - [34mDEBUG[0m - materialize_dbt_models - 3b2d22ea-6985-4129-b577-287df845575b - 34706 - dbtlearn_dbt_assets - ASSET_OBSERVATION - DagsterEventType.ASSET_OBSERVATION for step dbtlearn_dbt_assets
[32m2025-09-08 13:56:29 +0000[0m - dagster - [34mDEBUG[0m - materialize_dbt_models - 3b2d22ea-6985-4129-b577-287df845575b - 34706 - dbtlearn_dbt_assets - ASSET_OBSERVATION - DagsterEventType.ASSET_OBSERVATION for step dbtlearn_dbt_assets
[32m2025-09-08 13:56:30 +0000[0m - dagster - [34mDEBUG[0m - materialize_dbt_models - 3b2d22ea-6985-4129-b577-287df845575b - 34706 - dbtlearn_dbt_assets - ASSET_OBSERVATION - DagsterEventType.ASSET_OBSERVATION for step dbtlearn_dbt_assets
[32m2025-09-08 13:56:30 +0000[0m - dagster - [34mDEBUG[0m - materialize_dbt_models - 3b2d22ea-6985-4129-b577-287df845575b - 34706 - dbtlearn_dbt_assets - ASSET_OBSERVATION - DagsterEventType.ASSET_OBSERVATION for step dbtlearn_dbt_assets
[32m2025-09-08 13:56:31 +0000[0m - dagster - [34mDEBUG[0m - materialize_dbt_models - 3b2d22ea-6985-4129-b577-287df845575b - 34706 - dbtlearn_dbt_assets - ASSET_OBSERVATION - DagsterEventType.ASSET_OBSERVATION for step dbtlearn_dbt_assets
[32m2025-09-08 13:56:31 +0000[0m - dagster - [34mDEBUG[0m - materialize_dbt_models - 3b2d22ea-6985-4129-b577-287df845575b - 34706 - dbtlearn_dbt_assets - ASSET_OBSERVATION - DagsterEventType.ASSET_OBSERVATION for step dbtlearn_dbt_assets
[32m2025-09-08 13:56:32 +0000[0m - dagster - [34mDEBUG[0m - materialize_dbt_models - 3b2d22ea-6985-4129-b577-287df845575b - 34706 - dbtlearn_dbt_assets - ASSET_OBSERVATION - DagsterEventType.ASSET_OBSERVATION for step dbtlearn_dbt_assets
[32m2025-09-08 13:56:32 +0000[0m - dagster - [34mDEBUG[0m - materialize_dbt_models - 3b2d22ea-6985-4129-b577-287df845575b - 34706 - dbtlearn_dbt_assets - ASSET_OBSERVATION - DagsterEventType.ASSET_OBSERVATION for step dbtlearn_dbt_assets
[32m2025-09-08 13:56:33 +0000[0m - dagster - [34mDEBUG[0m - materialize_dbt_models - 3b2d22ea-6985-4129-b577-287df845575b - 34706 - dbtlearn_dbt_assets - ASSET_OBSERVATION - DagsterEventType.ASSET_OBSERVATION for step dbtlearn_dbt_assets
[32m2025-09-08 13:56:35 +0000[0m - dagster - [34mDEBUG[0m - materialize_dbt_models - 3b2d22ea-6985-4129-b577-287df845575b - 34706 - dbtlearn_dbt_assets - STEP_OUTPUT - Yielded output "dim_listings_w_hosts" of type "Nothing". (Type check passed).
[32m2025-09-08 13:56:35 +0000[0m - dagster - [34mDEBUG[0m - materialize_dbt_models - 3b2d22ea-6985-4129-b577-287df845575b - 34706 - dbtlearn_dbt_assets - ASSET_MATERIALIZATION - Materialized value dim_listings_w_hosts.
[32m2025-09-08 13:56:36 +0000[0m - dagster - [34mDEBUG[0m - materialize_dbt_models - 3b2d22ea-6985-4129-b577-287df845575b - 34706 - dbtlearn_dbt_assets - ASSET_OBSERVATION - DagsterEventType.ASSET_OBSERVATION for step dbtlearn_dbt_assets
[32m2025-09-08 13:56:37 +0000[0m - dagster - [34mDEBUG[0m - materialize_dbt_models - 3b2d22ea-6985-4129-b577-287df845575b - 34706 - dbtlearn_dbt_assets - ASSET_OBSERVATION - DagsterEventType.ASSET_OBSERVATION for step dbtlearn_dbt_assets
[32m2025-09-08 13:56:38 +0000[0m - dagster - [34mDEBUG[0m - materialize_dbt_models - 3b2d22ea-6985-4129-b577-287df845575b - 34706 - dbtlearn_dbt_assets - ASSET_OBSERVATION - DagsterEventType.ASSET_OBSERVATION for step dbtlearn_dbt_assets
[32m2025-09-08 13:56:39 +0000[0m - dagster - [34mDEBUG[0m - materialize_dbt_models - 3b2d22ea-6985-4129-b577-287df845575b - 34706 - dbtlearn_dbt_assets - ASSET_OBSERVATION - DagsterEventType.ASSET_OBSERVATION for step dbtlearn_dbt_assets
[32m2025-09-08 13:56:39 +0000[0m - dagster - [34mDEBUG[0m - materialize_dbt_models - 3b2d22ea-6985-4129-b577-287df845575b - 34706 - dbtlearn_dbt_assets - ASSET_OBSERVATION - DagsterEventType.ASSET_OBSERVATION for step dbtlearn_dbt_assets
[32m2025-09-08 13:56:40 +0000[0m - dagster - [34mDEBUG[0m - materialize_dbt_models - 3b2d22ea-6985-4129-b577-287df845575b - 34706 - dbtlearn_dbt_assets - STEP_SUCCESS - Finished execution of step "dbtlearn_dbt_assets" in 49.35s.
